[2022-08-10][22:14:46][DEBUG][discord_dispatch::application_manager:195] App started. version="1.10.5"
[2022-08-10][22:14:46][DEBUG][discord_dispatch::application_manager:1030] Searching for applications. install_path=AbsolutePath { path_buf: "C:\\Users\\nelectrons\\AppData\\Local\\DiscordGames" }
[2022-08-10][22:14:46][WARN][discord_dispatch::application_manager:1034] Failed to read install path. path=AbsolutePath { path_buf: "C:\\Users\\nelectrons\\AppData\\Local\\DiscordGames" } error=Os { code: 3, kind: NotFound, message: "Le chemin d’accès spécifié est introuvable." }
[2022-08-11][12:15:24][DEBUG][discord_dispatch::application_manager:195] App started. version="1.10.5"
[2022-08-11][12:15:24][DEBUG][discord_dispatch::application_manager:1030] Searching for applications. install_path=AbsolutePath { path_buf: "C:\\Users\\nelectrons\\AppData\\Local\\DiscordGames" }
[2022-08-11][12:15:24][WARN][discord_dispatch::application_manager:1034] Failed to read install path. path=AbsolutePath { path_buf: "C:\\Users\\nelectrons\\AppData\\Local\\DiscordGames" } error=Os { code: 3, kind: NotFound, message: "Le chemin d’accès spécifié est introuvable." }
[2022-08-12][11:40:21][DEBUG][discord_dispatch::application_manager:195] App started. version="1.10.5"
[2022-08-12][11:40:21][DEBUG][discord_dispatch::application_manager:1030] Searching for applications. install_path=AbsolutePath { path_buf: "C:\\Users\\nelectrons\\AppData\\Local\\DiscordGames" }
[2022-08-12][11:40:21][WARN][discord_dispatch::application_manager:1034] Failed to read install path. path=AbsolutePath { path_buf: "C:\\Users\\nelectrons\\AppData\\Local\\DiscordGames" } error=Os { code: 3, kind: NotFound, message: "Le chemin d’accès spécifié est introuvable." }
[2022-08-12][12:09:33][DEBUG][discord_dispatch::application_manager:195] App started. version="1.10.5"
[2022-08-12][12:09:33][DEBUG][discord_dispatch::application_manager:1030] Searching for applications. install_path=AbsolutePath { path_buf: "C:\\Users\\nelectrons\\AppData\\Local\\DiscordGames" }
[2022-08-12][12:09:33][WARN][discord_dispatch::application_manager:1034] Failed to read install path. path=AbsolutePath { path_buf: "C:\\Users\\nelectrons\\AppData\\Local\\DiscordGames" } error=Os { code: 3, kind: NotFound, message: "Le chemin d’accès spécifié est introuvable." }
[2022-08-12][12:15:53][DEBUG][discord_dispatch::application_manager:195] App started. version="1.10.5"
[2022-08-12][12:15:53][DEBUG][discord_dispatch::application_manager:1030] Searching for applications. install_path=AbsolutePath { path_buf: "C:\\Users\\nelectrons\\AppData\\Local\\DiscordGames" }
[2022-08-12][12:15:53][WARN][discord_dispatch::application_manager:1034] Failed to read install path. path=AbsolutePath { path_buf: "C:\\Users\\nelectrons\\AppData\\Local\\DiscordGames" } error=Os { code: 3, kind: NotFound, message: "Le chemin d’accès spécifié est introuvable." }
[2022-08-12][16:38:44][DEBUG][discord_dispatch::application_manager:195] App started. version="1.10.5"
[2022-08-12][16:38:44][DEBUG][discord_dispatch::application_manager:1030] Searching for applications. install_path=AbsolutePath { path_buf: "C:\\Users\\nelectrons\\AppData\\Local\\DiscordGames" }
[2022-08-12][16:38:44][WARN][discord_dispatch::application_manager:1034] Failed to read install path. path=AbsolutePath { path_buf: "C:\\Users\\nelectrons\\AppData\\Local\\DiscordGames" } error=Os { code: 3, kind: NotFound, message: "Le chemin d’accès spécifié est introuvable." }
[2022-08-12][20:30:44][DEBUG][discord_dispatch::application_manager:195] App started. version="1.10.5"
[2022-08-12][20:30:44][DEBUG][discord_dispatch::application_manager:1030] Searching for applications. install_path=AbsolutePath { path_buf: "C:\\Users\\nelectrons\\AppData\\Local\\DiscordGames" }
[2022-08-12][20:30:44][WARN][discord_dispatch::application_manager:1034] Failed to read install path. path=AbsolutePath { path_buf: "C:\\Users\\nelectrons\\AppData\\Local\\DiscordGames" } error=Os { code: 3, kind: NotFound, message: "Le chemin d’accès spécifié est introuvable." }
[2022-08-13][12:55:01][DEBUG][discord_dispatch::application_manager:195] App started. version="1.10.5"
[2022-08-13][12:55:01][DEBUG][discord_dispatch::application_manager:1030] Searching for applications. install_path=AbsolutePath { path_buf: "C:\\Users\\nelectrons\\AppData\\Local\\DiscordGames" }
[2022-08-13][12:55:01][WARN][discord_dispatch::application_manager:1034] Failed to read install path. path=AbsolutePath { path_buf: "C:\\Users\\nelectrons\\AppData\\Local\\DiscordGames" } error=Os { code: 3, kind: NotFound, message: "Le chemin d’accès spécifié est introuvable." }
[2022-08-13][14:16:15][DEBUG][discord_dispatch::application_manager:195] App started. version="1.10.5"
[2022-08-13][14:16:15][DEBUG][discord_dispatch::application_manager:1030] Searching for applications. install_path=AbsolutePath { path_buf: "C:\\Users\\nelectrons\\AppData\\Local\\DiscordGames" }
[2022-08-13][14:16:15][WARN][discord_dispatch::application_manager:1034] Failed to read install path. path=AbsolutePath { path_buf: "C:\\Users\\nelectrons\\AppData\\Local\\DiscordGames" } error=Os { code: 3, kind: NotFound, message: "Le chemin d’accès spécifié est introuvable." }
[2022-08-13][15:56:13][DEBUG][discord_dispatch::application_manager:712] Updating credentials.
[2022-08-13][16:10:19][DEBUG][discord_dispatch::application_manager:195] App started. version="1.10.5"
[2022-08-13][16:10:19][DEBUG][discord_dispatch::application_manager:1030] Searching for applications. install_path=AbsolutePath { path_buf: "C:\\Users\\nelectrons\\AppData\\Local\\DiscordGames" }
[2022-08-13][16:10:19][WARN][discord_dispatch::application_manager:1034] Failed to read install path. path=AbsolutePath { path_buf: "C:\\Users\\nelectrons\\AppData\\Local\\DiscordGames" } error=Os { code: 3, kind: NotFound, message: "Le chemin d’accès spécifié est introuvable." }
[2022-08-13][22:46:35][DEBUG][discord_dispatch::application_manager:195] App started. version="1.10.5"
[2022-08-13][22:46:35][DEBUG][discord_dispatch::application_manager:1030] Searching for applications. install_path=AbsolutePath { path_buf: "C:\\Users\\nelectrons\\AppData\\Local\\DiscordGames" }
[2022-08-13][22:46:35][WARN][discord_dispatch::application_manager:1034] Failed to read install path. path=AbsolutePath { path_buf: "C:\\Users\\nelectrons\\AppData\\Local\\DiscordGames" } error=Os { code: 3, kind: NotFound, message: "Le chemin d’accès spécifié est introuvable." }
[2022-08-13][23:38:58][DEBUG][discord_dispatch::application_manager:195] App started. version="1.10.5"
[2022-08-13][23:38:58][DEBUG][discord_dispatch::application_manager:1030] Searching for applications. install_path=AbsolutePath { path_buf: "C:\\Users\\nelectrons\\AppData\\Local\\DiscordGames" }
[2022-08-13][23:38:58][WARN][discord_dispatch::application_manager:1034] Failed to read install path. path=AbsolutePath { path_buf: "C:\\Users\\nelectrons\\AppData\\Local\\DiscordGames" } error=Os { code: 3, kind: NotFound, message: "Le chemin d’accès spécifié est introuvable." }
[2022-08-14][15:19:17][DEBUG][discord_dispatch::application_manager:195] App started. version="1.10.5"
[2022-08-14][15:19:17][DEBUG][discord_dispatch::application_manager:1030] Searching for applications. install_path=AbsolutePath { path_buf: "C:\\Users\\nelectrons\\AppData\\Local\\DiscordGames" }
[2022-08-14][15:19:17][WARN][discord_dispatch::application_manager:1034] Failed to read install path. path=AbsolutePath { path_buf: "C:\\Users\\nelectrons\\AppData\\Local\\DiscordGames" } error=Os { code: 3, kind: NotFound, message: "Le chemin d’accès spécifié est introuvable." }
[2022-08-15][01:13:57][DEBUG][discord_dispatch::application_manager:195] App started. version="1.10.5"
[2022-08-15][01:13:57][DEBUG][discord_dispatch::application_manager:1030] Searching for applications. install_path=AbsolutePath { path_buf: "C:\\Users\\nelectrons\\AppData\\Local\\DiscordGames" }
[2022-08-15][01:13:57][WARN][discord_dispatch::application_manager:1034] Failed to read install path. path=AbsolutePath { path_buf: "C:\\Users\\nelectrons\\AppData\\Local\\DiscordGames" } error=Os { code: 3, kind: NotFound, message: "Le chemin d’accès spécifié est introuvable." }
[2022-08-15][13:56:53][DEBUG][discord_dispatch::application_manager:195] App started. version="1.10.5"
[2022-08-15][13:56:53][DEBUG][discord_dispatch::application_manager:1030] Searching for applications. install_path=AbsolutePath { path_buf: "C:\\Users\\nelectrons\\AppData\\Local\\DiscordGames" }
[2022-08-15][13:56:53][WARN][discord_dispatch::application_manager:1034] Failed to read install path. path=AbsolutePath { path_buf: "C:\\Users\\nelectrons\\AppData\\Local\\DiscordGames" } error=Os { code: 3, kind: NotFound, message: "Le chemin d’accès spécifié est introuvable." }
[2022-08-15][17:05:40][DEBUG][discord_dispatch::application_manager:195] App started. version="1.10.5"
[2022-08-15][17:05:40][DEBUG][discord_dispatch::application_manager:1030] Searching for applications. install_path=AbsolutePath { path_buf: "C:\\Users\\nelectrons\\AppData\\Local\\DiscordGames" }
[2022-08-15][17:05:40][WARN][discord_dispatch::application_manager:1034] Failed to read install path. path=AbsolutePath { path_buf: "C:\\Users\\nelectrons\\AppData\\Local\\DiscordGames" } error=Os { code: 3, kind: NotFound, message: "Le chemin d’accès spécifié est introuvable." }
[2022-08-15][20:26:27][DEBUG][discord_dispatch::application_manager:195] App started. version="1.10.5"
[2022-08-15][20:26:27][DEBUG][discord_dispatch::application_manager:1030] Searching for applications. install_path=AbsolutePath { path_buf: "C:\\Users\\nelectrons\\AppData\\Local\\DiscordGames" }
[2022-08-15][20:26:27][WARN][discord_dispatch::application_manager:1034] Failed to read install path. path=AbsolutePath { path_buf: "C:\\Users\\nelectrons\\AppData\\Local\\DiscordGames" } error=Os { code: 3, kind: NotFound, message: "Le chemin d’accès spécifié est introuvable." }
[2022-08-16][11:51:46][DEBUG][discord_dispatch::application_manager:195] App started. version="1.10.5"
[2022-08-16][11:51:46][DEBUG][discord_dispatch::application_manager:1030] Searching for applications. install_path=AbsolutePath { path_buf: "C:\\Users\\nelectrons\\AppData\\Local\\DiscordGames" }
[2022-08-16][11:51:46][WARN][discord_dispatch::application_manager:1034] Failed to read install path. path=AbsolutePath { path_buf: "C:\\Users\\nelectrons\\AppData\\Local\\DiscordGames" } error=Os { code: 3, kind: NotFound, message: "Le chemin d’accès spécifié est introuvable." }
[2022-08-16][21:58:10][DEBUG][discord_dispatch::application_manager:712] Updating credentials.
[2022-08-17][11:45:27][DEBUG][discord_dispatch::application_manager:195] App started. version="1.10.5"
[2022-08-17][11:45:27][DEBUG][discord_dispatch::application_manager:1030] Searching for applications. install_path=AbsolutePath { path_buf: "C:\\Users\\nelectrons\\AppData\\Local\\DiscordGames" }
[2022-08-17][11:45:27][WARN][discord_dispatch::application_manager:1034] Failed to read install path. path=AbsolutePath { path_buf: "C:\\Users\\nelectrons\\AppData\\Local\\DiscordGames" } error=Os { code: 3, kind: NotFound, message: "Le chemin d’accès spécifié est introuvable." }
[2022-08-17][18:18:26][DEBUG][discord_dispatch::application_manager:195] App started. version="1.10.5"
[2022-08-17][18:18:26][DEBUG][discord_dispatch::application_manager:1030] Searching for applications. install_path=AbsolutePath { path_buf: "C:\\Users\\nelectrons\\AppData\\Local\\DiscordGames" }
[2022-08-17][18:18:26][WARN][discord_dispatch::application_manager:1034] Failed to read install path. path=AbsolutePath { path_buf: "C:\\Users\\nelectrons\\AppData\\Local\\DiscordGames" } error=Os { code: 3, kind: NotFound, message: "Le chemin d’accès spécifié est introuvable." }
[2022-08-18][12:44:06][DEBUG][discord_dispatch::application_manager:195] App started. version="1.10.5"
[2022-08-18][12:44:06][DEBUG][discord_dispatch::application_manager:1030] Searching for applications. install_path=AbsolutePath { path_buf: "C:\\Users\\nelectrons\\AppData\\Local\\DiscordGames" }
[2022-08-18][12:44:06][WARN][discord_dispatch::application_manager:1034] Failed to read install path. path=AbsolutePath { path_buf: "C:\\Users\\nelectrons\\AppData\\Local\\DiscordGames" } error=Os { code: 3, kind: NotFound, message: "Le chemin d’accès spécifié est introuvable." }
[2022-08-18][14:34:20][DEBUG][discord_dispatch::application_manager:195] App started. version="1.10.5"
[2022-08-18][14:34:20][DEBUG][discord_dispatch::application_manager:1030] Searching for applications. install_path=AbsolutePath { path_buf: "C:\\Users\\nelectrons\\AppData\\Local\\DiscordGames" }
[2022-08-18][14:34:20][WARN][discord_dispatch::application_manager:1034] Failed to read install path. path=AbsolutePath { path_buf: "C:\\Users\\nelectrons\\AppData\\Local\\DiscordGames" } error=Os { code: 3, kind: NotFound, message: "Le chemin d’accès spécifié est introuvable." }
[2022-08-18][15:59:34][DEBUG][discord_dispatch::application_manager:195] App started. version="1.10.5"
[2022-08-18][15:59:34][DEBUG][discord_dispatch::application_manager:1030] Searching for applications. install_path=AbsolutePath { path_buf: "C:\\Users\\nelectrons\\AppData\\Local\\DiscordGames" }
[2022-08-18][15:59:34][WARN][discord_dispatch::application_manager:1034] Failed to read install path. path=AbsolutePath { path_buf: "C:\\Users\\nelectrons\\AppData\\Local\\DiscordGames" } error=Os { code: 3, kind: NotFound, message: "Le chemin d’accès spécifié est introuvable." }
[2022-08-19][00:22:16][DEBUG][discord_dispatch::application_manager:195] App started. version="1.10.5"
[2022-08-19][00:22:16][DEBUG][discord_dispatch::application_manager:1030] Searching for applications. install_path=AbsolutePath { path_buf: "C:\\Users\\nelectrons\\AppData\\Local\\DiscordGames" }
[2022-08-19][00:22:16][WARN][discord_dispatch::application_manager:1034] Failed to read install path. path=AbsolutePath { path_buf: "C:\\Users\\nelectrons\\AppData\\Local\\DiscordGames" } error=Os { code: 3, kind: NotFound, message: "Le chemin d’accès spécifié est introuvable." }
[2022-08-19][12:07:12][DEBUG][discord_dispatch::application_manager:195] App started. version="1.10.5"
[2022-08-19][12:07:12][DEBUG][discord_dispatch::application_manager:1030] Searching for applications. install_path=AbsolutePath { path_buf: "C:\\Users\\nelectrons\\AppData\\Local\\DiscordGames" }
[2022-08-19][12:07:12][WARN][discord_dispatch::application_manager:1034] Failed to read install path. path=AbsolutePath { path_buf: "C:\\Users\\nelectrons\\AppData\\Local\\DiscordGames" } error=Os { code: 3, kind: NotFound, message: "Le chemin d’accès spécifié est introuvable." }
[2022-08-19][18:32:29][DEBUG][discord_dispatch::application_manager:195] App started. version="1.10.5"
[2022-08-19][18:32:29][DEBUG][discord_dispatch::application_manager:1030] Searching for applications. install_path=AbsolutePath { path_buf: "C:\\Users\\nelectrons\\AppData\\Local\\DiscordGames" }
[2022-08-19][18:32:29][WARN][discord_dispatch::application_manager:1034] Failed to read install path. path=AbsolutePath { path_buf: "C:\\Users\\nelectrons\\AppData\\Local\\DiscordGames" } error=Os { code: 3, kind: NotFound, message: "Le chemin d’accès spécifié est introuvable." }
[2022-08-19][20:01:23][DEBUG][discord_dispatch::application_manager:195] App started. version="1.10.5"
[2022-08-19][20:01:23][DEBUG][discord_dispatch::application_manager:1030] Searching for applications. install_path=AbsolutePath { path_buf: "C:\\Users\\nelectrons\\AppData\\Local\\DiscordGames" }
[2022-08-19][20:01:23][WARN][discord_dispatch::application_manager:1034] Failed to read install path. path=AbsolutePath { path_buf: "C:\\Users\\nelectrons\\AppData\\Local\\DiscordGames" } error=Os { code: 3, kind: NotFound, message: "Le chemin d’accès spécifié est introuvable." }
[2022-08-20][12:33:52][DEBUG][discord_dispatch::application_manager:195] App started. version="1.10.5"
[2022-08-20][12:33:52][DEBUG][discord_dispatch::application_manager:1030] Searching for applications. install_path=AbsolutePath { path_buf: "C:\\Users\\nelectrons\\AppData\\Local\\DiscordGames" }
[2022-08-20][12:33:52][WARN][discord_dispatch::application_manager:1034] Failed to read install path. path=AbsolutePath { path_buf: "C:\\Users\\nelectrons\\AppData\\Local\\DiscordGames" } error=Os { code: 3, kind: NotFound, message: "Le chemin d’accès spécifié est introuvable." }
[2022-08-20][18:27:34][DEBUG][discord_dispatch::application_manager:195] App started. version="1.10.5"
[2022-08-20][18:27:34][DEBUG][discord_dispatch::application_manager:1030] Searching for applications. install_path=AbsolutePath { path_buf: "C:\\Users\\nelectrons\\AppData\\Local\\DiscordGames" }
[2022-08-20][18:27:34][WARN][discord_dispatch::application_manager:1034] Failed to read install path. path=AbsolutePath { path_buf: "C:\\Users\\nelectrons\\AppData\\Local\\DiscordGames" } error=Os { code: 3, kind: NotFound, message: "Le chemin d’accès spécifié est introuvable." }
[2022-08-21][00:51:00][DEBUG][discord_dispatch::application_manager:195] App started. version="1.10.5"
[2022-08-21][00:51:00][DEBUG][discord_dispatch::application_manager:1030] Searching for applications. install_path=AbsolutePath { path_buf: "C:\\Users\\nelectrons\\AppData\\Local\\DiscordGames" }
[2022-08-21][00:51:00][WARN][discord_dispatch::application_manager:1034] Failed to read install path. path=AbsolutePath { path_buf: "C:\\Users\\nelectrons\\AppData\\Local\\DiscordGames" } error=Os { code: 3, kind: NotFound, message: "Le chemin d’accès spécifié est introuvable." }
[2022-08-21][13:18:42][DEBUG][discord_dispatch::application_manager:195] App started. version="1.10.5"
[2022-08-21][13:18:42][DEBUG][discord_dispatch::application_manager:1030] Searching for applications. install_path=AbsolutePath { path_buf: "C:\\Users\\nelectrons\\AppData\\Local\\DiscordGames" }
[2022-08-21][13:18:42][WARN][discord_dispatch::application_manager:1034] Failed to read install path. path=AbsolutePath { path_buf: "C:\\Users\\nelectrons\\AppData\\Local\\DiscordGames" } error=Os { code: 3, kind: NotFound, message: "Le chemin d’accès spécifié est introuvable." }
[2022-08-21][21:11:43][DEBUG][discord_dispatch::application_manager:195] App started. version="1.10.5"
[2022-08-21][21:11:43][DEBUG][discord_dispatch::application_manager:1030] Searching for applications. install_path=AbsolutePath { path_buf: "C:\\Users\\nelectrons\\AppData\\Local\\DiscordGames" }
[2022-08-21][21:11:43][WARN][discord_dispatch::application_manager:1034] Failed to read install path. path=AbsolutePath { path_buf: "C:\\Users\\nelectrons\\AppData\\Local\\DiscordGames" } error=Os { code: 3, kind: NotFound, message: "Le chemin d’accès spécifié est introuvable." }
[2022-08-22][12:38:05][DEBUG][discord_dispatch::application_manager:195] App started. version="1.10.5"
[2022-08-22][12:38:05][DEBUG][discord_dispatch::application_manager:1030] Searching for applications. install_path=AbsolutePath { path_buf: "C:\\Users\\nelectrons\\AppData\\Local\\DiscordGames" }
[2022-08-22][12:38:05][WARN][discord_dispatch::application_manager:1034] Failed to read install path. path=AbsolutePath { path_buf: "C:\\Users\\nelectrons\\AppData\\Local\\DiscordGames" } error=Os { code: 3, kind: NotFound, message: "Le chemin d’accès spécifié est introuvable." }
[2022-08-22][12:41:41][DEBUG][discord_dispatch::application_manager:195] App started. version="1.10.5"
[2022-08-22][12:41:41][DEBUG][discord_dispatch::application_manager:1030] Searching for applications. install_path=AbsolutePath { path_buf: "C:\\Users\\nelectrons\\AppData\\Local\\DiscordGames" }
[2022-08-22][12:41:41][WARN][discord_dispatch::application_manager:1034] Failed to read install path. path=AbsolutePath { path_buf: "C:\\Users\\nelectrons\\AppData\\Local\\DiscordGames" } error=Os { code: 3, kind: NotFound, message: "Le chemin d’accès spécifié est introuvable." }
[2022-08-22][21:42:41][DEBUG][discord_dispatch::application_manager:195] App started. version="1.10.5"
[2022-08-22][21:42:41][DEBUG][discord_dispatch::application_manager:1030] Searching for applications. install_path=AbsolutePath { path_buf: "C:\\Users\\nelectrons\\AppData\\Local\\DiscordGames" }
[2022-08-22][21:42:41][WARN][discord_dispatch::application_manager:1034] Failed to read install path. path=AbsolutePath { path_buf: "C:\\Users\\nelectrons\\AppData\\Local\\DiscordGames" } error=Os { code: 3, kind: NotFound, message: "Le chemin d’accès spécifié est introuvable." }
[2022-08-23][12:47:18][DEBUG][discord_dispatch::application_manager:195] App started. version="1.10.5"
[2022-08-23][12:47:18][DEBUG][discord_dispatch::application_manager:1030] Searching for applications. install_path=AbsolutePath { path_buf: "C:\\Users\\nelectrons\\AppData\\Local\\DiscordGames" }
[2022-08-23][12:47:18][WARN][discord_dispatch::application_manager:1034] Failed to read install path. path=AbsolutePath { path_buf: "C:\\Users\\nelectrons\\AppData\\Local\\DiscordGames" } error=Os { code: 3, kind: NotFound, message: "Le chemin d’accès spécifié est introuvable." }
[2022-08-24][10:42:46][DEBUG][discord_dispatch::application_manager:195] App started. version="1.10.5"
[2022-08-24][10:42:46][DEBUG][discord_dispatch::application_manager:1030] Searching for applications. install_path=AbsolutePath { path_buf: "C:\\Users\\nelectrons\\AppData\\Local\\DiscordGames" }
[2022-08-24][10:42:46][WARN][discord_dispatch::application_manager:1034] Failed to read install path. path=AbsolutePath { path_buf: "C:\\Users\\nelectrons\\AppData\\Local\\DiscordGames" } error=Os { code: 3, kind: NotFound, message: "Le chemin d’accès spécifié est introuvable." }
[2022-08-24][21:28:03][DEBUG][discord_dispatch::application_manager:195] App started. version="1.10.5"
[2022-08-24][21:28:03][DEBUG][discord_dispatch::application_manager:1030] Searching for applications. install_path=AbsolutePath { path_buf: "C:\\Users\\nelectrons\\AppData\\Local\\DiscordGames" }
[2022-08-24][21:28:03][WARN][discord_dispatch::application_manager:1034] Failed to read install path. path=AbsolutePath { path_buf: "C:\\Users\\nelectrons\\AppData\\Local\\DiscordGames" } error=Os { code: 3, kind: NotFound, message: "Le chemin d’accès spécifié est introuvable." }
[2022-08-25][12:34:33][DEBUG][discord_dispatch::application_manager:195] App started. version="1.10.5"
[2022-08-25][12:34:33][DEBUG][discord_dispatch::application_manager:1030] Searching for applications. install_path=AbsolutePath { path_buf: "C:\\Users\\nelectrons\\AppData\\Local\\DiscordGames" }
[2022-08-25][12:34:33][WARN][discord_dispatch::application_manager:1034] Failed to read install path. path=AbsolutePath { path_buf: "C:\\Users\\nelectrons\\AppData\\Local\\DiscordGames" } error=Os { code: 3, kind: NotFound, message: "Le chemin d’accès spécifié est introuvable." }
[2022-08-25][17:54:09][DEBUG][discord_dispatch::application_manager:195] App started. version="1.10.5"
[2022-08-25][17:54:09][DEBUG][discord_dispatch::application_manager:1030] Searching for applications. install_path=AbsolutePath { path_buf: "C:\\Users\\nelectrons\\AppData\\Local\\DiscordGames" }
[2022-08-25][17:54:09][WARN][discord_dispatch::application_manager:1034] Failed to read install path. path=AbsolutePath { path_buf: "C:\\Users\\nelectrons\\AppData\\Local\\DiscordGames" } error=Os { code: 3, kind: NotFound, message: "Le chemin d’accès spécifié est introuvable." }
[2022-08-26][11:34:35][DEBUG][discord_dispatch::application_manager:195] App started. version="1.10.5"
[2022-08-26][11:34:35][DEBUG][discord_dispatch::application_manager:1030] Searching for applications. install_path=AbsolutePath { path_buf: "C:\\Users\\nelectrons\\AppData\\Local\\DiscordGames" }
[2022-08-26][11:34:35][WARN][discord_dispatch::application_manager:1034] Failed to read install path. path=AbsolutePath { path_buf: "C:\\Users\\nelectrons\\AppData\\Local\\DiscordGames" } error=Os { code: 3, kind: NotFound, message: "Le chemin d’accès spécifié est introuvable." }
[2022-08-26][17:40:00][DEBUG][discord_dispatch::application_manager:712] Updating credentials.
[2022-08-26][18:07:00][DEBUG][discord_dispatch::application_manager:195] App started. version="1.10.5"
[2022-08-26][18:07:00][DEBUG][discord_dispatch::application_manager:1030] Searching for applications. install_path=AbsolutePath { path_buf: "C:\\Users\\nelectrons\\AppData\\Local\\DiscordGames" }
[2022-08-26][18:07:00][WARN][discord_dispatch::application_manager:1034] Failed to read install path. path=AbsolutePath { path_buf: "C:\\Users\\nelectrons\\AppData\\Local\\DiscordGames" } error=Os { code: 3, kind: NotFound, message: "Le chemin d’accès spécifié est introuvable." }
[2022-08-26][18:22:53][DEBUG][discord_dispatch::application_manager:712] Updating credentials.
[2022-08-26][20:56:04][DEBUG][discord_dispatch::application_manager:195] App started. version="1.10.5"
[2022-08-26][20:56:04][DEBUG][discord_dispatch::application_manager:1030] Searching for applications. install_path=AbsolutePath { path_buf: "C:\\Users\\nelectrons\\AppData\\Local\\DiscordGames" }
[2022-08-26][20:56:04][WARN][discord_dispatch::application_manager:1034] Failed to read install path. path=AbsolutePath { path_buf: "C:\\Users\\nelectrons\\AppData\\Local\\DiscordGames" } error=Os { code: 3, kind: NotFound, message: "Le chemin d’accès spécifié est introuvable." }
[2022-08-27][10:05:49][DEBUG][discord_dispatch::application_manager:195] App started. version="1.10.5"
[2022-08-27][10:05:49][DEBUG][discord_dispatch::application_manager:1030] Searching for applications. install_path=AbsolutePath { path_buf: "C:\\Users\\nelectrons\\AppData\\Local\\DiscordGames" }
[2022-08-27][10:05:49][WARN][discord_dispatch::application_manager:1034] Failed to read install path. path=AbsolutePath { path_buf: "C:\\Users\\nelectrons\\AppData\\Local\\DiscordGames" } error=Os { code: 3, kind: NotFound, message: "Le chemin d’accès spécifié est introuvable." }
[2022-08-27][11:29:13][DEBUG][discord_dispatch::application_manager:195] App started. version="1.10.5"
[2022-08-27][11:29:13][DEBUG][discord_dispatch::application_manager:1030] Searching for applications. install_path=AbsolutePath { path_buf: "C:\\Users\\nelectrons\\AppData\\Local\\DiscordGames" }
[2022-08-27][11:29:13][WARN][discord_dispatch::application_manager:1034] Failed to read install path. path=AbsolutePath { path_buf: "C:\\Users\\nelectrons\\AppData\\Local\\DiscordGames" } error=Os { code: 3, kind: NotFound, message: "Le chemin d’accès spécifié est introuvable." }
[2022-08-27][17:45:59][DEBUG][discord_dispatch::application_manager:195] App started. version="1.10.5"
[2022-08-27][17:45:59][DEBUG][discord_dispatch::application_manager:1030] Searching for applications. install_path=AbsolutePath { path_buf: "C:\\Users\\nelectrons\\AppData\\Local\\DiscordGames" }
[2022-08-27][17:45:59][WARN][discord_dispatch::application_manager:1034] Failed to read install path. path=AbsolutePath { path_buf: "C:\\Users\\nelectrons\\AppData\\Local\\DiscordGames" } error=Os { code: 3, kind: NotFound, message: "Le chemin d’accès spécifié est introuvable." }
[2022-08-27][18:34:58][DEBUG][discord_dispatch::application_manager:712] Updating credentials.
[2022-08-27][18:47:55][DEBUG][discord_dispatch::application_manager:195] App started. version="1.10.5"
[2022-08-27][18:47:55][DEBUG][discord_dispatch::application_manager:1030] Searching for applications. install_path=AbsolutePath { path_buf: "C:\\Users\\nelectrons\\AppData\\Local\\DiscordGames" }
[2022-08-27][18:47:55][WARN][discord_dispatch::application_manager:1034] Failed to read install path. path=AbsolutePath { path_buf: "C:\\Users\\nelectrons\\AppData\\Local\\DiscordGames" } error=Os { code: 3, kind: NotFound, message: "Le chemin d’accès spécifié est introuvable." }
[2022-08-28][13:07:28][DEBUG][discord_dispatch::application_manager:195] App started. version="1.10.5"
[2022-08-28][13:07:28][DEBUG][discord_dispatch::application_manager:1030] Searching for applications. install_path=AbsolutePath { path_buf: "C:\\Users\\nelectrons\\AppData\\Local\\DiscordGames" }
[2022-08-28][13:07:28][WARN][discord_dispatch::application_manager:1034] Failed to read install path. path=AbsolutePath { path_buf: "C:\\Users\\nelectrons\\AppData\\Local\\DiscordGames" } error=Os { code: 3, kind: NotFound, message: "Le chemin d’accès spécifié est introuvable." }
[2022-08-28][20:24:47][DEBUG][discord_dispatch::application_manager:195] App started. version="1.10.5"
[2022-08-28][20:24:47][DEBUG][discord_dispatch::application_manager:1030] Searching for applications. install_path=AbsolutePath { path_buf: "C:\\Users\\nelectrons\\AppData\\Local\\DiscordGames" }
[2022-08-28][20:24:47][WARN][discord_dispatch::application_manager:1034] Failed to read install path. path=AbsolutePath { path_buf: "C:\\Users\\nelectrons\\AppData\\Local\\DiscordGames" } error=Os { code: 3, kind: NotFound, message: "Le chemin d’accès spécifié est introuvable." }
[2022-08-29][11:14:12][DEBUG][discord_dispatch::application_manager:195] App started. version="1.10.5"
[2022-08-29][11:14:12][DEBUG][discord_dispatch::application_manager:1030] Searching for applications. install_path=AbsolutePath { path_buf: "C:\\Users\\nelectrons\\AppData\\Local\\DiscordGames" }
[2022-08-29][11:14:12][WARN][discord_dispatch::application_manager:1034] Failed to read install path. path=AbsolutePath { path_buf: "C:\\Users\\nelectrons\\AppData\\Local\\DiscordGames" } error=Os { code: 3, kind: NotFound, message: "Le chemin d’accès spécifié est introuvable." }
[2022-08-29][13:53:53][DEBUG][discord_dispatch::application_manager:195] App started. version="1.10.5"
[2022-08-29][13:53:53][DEBUG][discord_dispatch::application_manager:1030] Searching for applications. install_path=AbsolutePath { path_buf: "C:\\Users\\nelectrons\\AppData\\Local\\DiscordGames" }
[2022-08-29][13:53:53][WARN][discord_dispatch::application_manager:1034] Failed to read install path. path=AbsolutePath { path_buf: "C:\\Users\\nelectrons\\AppData\\Local\\DiscordGames" } error=Os { code: 3, kind: NotFound, message: "Le chemin d’accès spécifié est introuvable." }
[2022-08-29][20:11:46][DEBUG][discord_dispatch::application_manager:195] App started. version="1.10.5"
[2022-08-29][20:11:46][DEBUG][discord_dispatch::application_manager:1030] Searching for applications. install_path=AbsolutePath { path_buf: "C:\\Users\\nelectrons\\AppData\\Local\\DiscordGames" }
[2022-08-29][20:11:46][WARN][discord_dispatch::application_manager:1034] Failed to read install path. path=AbsolutePath { path_buf: "C:\\Users\\nelectrons\\AppData\\Local\\DiscordGames" } error=Os { code: 3, kind: NotFound, message: "Le chemin d’accès spécifié est introuvable." }
[2022-08-30][11:03:35][DEBUG][discord_dispatch::application_manager:195] App started. version="1.10.5"
[2022-08-30][11:03:35][DEBUG][discord_dispatch::application_manager:1030] Searching for applications. install_path=AbsolutePath { path_buf: "C:\\Users\\nelectrons\\AppData\\Local\\DiscordGames" }
[2022-08-30][11:03:35][WARN][discord_dispatch::application_manager:1034] Failed to read install path. path=AbsolutePath { path_buf: "C:\\Users\\nelectrons\\AppData\\Local\\DiscordGames" } error=Os { code: 3, kind: NotFound, message: "Le chemin d’accès spécifié est introuvable." }
[2022-08-30][20:32:17][DEBUG][discord_dispatch::application_manager:195] App started. version="1.10.5"
[2022-08-30][20:32:17][DEBUG][discord_dispatch::application_manager:1030] Searching for applications. install_path=AbsolutePath { path_buf: "C:\\Users\\nelectrons\\AppData\\Local\\DiscordGames" }
[2022-08-30][20:32:17][WARN][discord_dispatch::application_manager:1034] Failed to read install path. path=AbsolutePath { path_buf: "C:\\Users\\nelectrons\\AppData\\Local\\DiscordGames" } error=Os { code: 3, kind: NotFound, message: "Le chemin d’accès spécifié est introuvable." }
[2022-08-31][10:31:45][DEBUG][discord_dispatch::application_manager:195] App started. version="1.10.5"
[2022-08-31][10:31:45][DEBUG][discord_dispatch::application_manager:1030] Searching for applications. install_path=AbsolutePath { path_buf: "C:\\Users\\nelectrons\\AppData\\Local\\DiscordGames" }
[2022-08-31][10:31:45][WARN][discord_dispatch::application_manager:1034] Failed to read install path. path=AbsolutePath { path_buf: "C:\\Users\\nelectrons\\AppData\\Local\\DiscordGames" } error=Os { code: 3, kind: NotFound, message: "Le chemin d’accès spécifié est introuvable." }
[2022-09-01][18:10:54][DEBUG][discord_dispatch::application_manager:195] App started. version="1.10.5"
[2022-09-01][18:10:54][DEBUG][discord_dispatch::application_manager:1030] Searching for applications. install_path=AbsolutePath { path_buf: "C:\\Users\\nelectrons\\AppData\\Local\\DiscordGames" }
[2022-09-01][18:10:54][WARN][discord_dispatch::application_manager:1034] Failed to read install path. path=AbsolutePath { path_buf: "C:\\Users\\nelectrons\\AppData\\Local\\DiscordGames" } error=Os { code: 3, kind: NotFound, message: "Le chemin d’accès spécifié est introuvable." }
[2022-09-02][19:03:04][DEBUG][discord_dispatch::application_manager:195] App started. version="1.10.5"
[2022-09-02][19:03:04][DEBUG][discord_dispatch::application_manager:1030] Searching for applications. install_path=AbsolutePath { path_buf: "C:\\Users\\nelectrons\\AppData\\Local\\DiscordGames" }
[2022-09-02][19:03:04][WARN][discord_dispatch::application_manager:1034] Failed to read install path. path=AbsolutePath { path_buf: "C:\\Users\\nelectrons\\AppData\\Local\\DiscordGames" } error=Os { code: 3, kind: NotFound, message: "Le chemin d’accès spécifié est introuvable." }
[2022-09-03][11:48:28][DEBUG][discord_dispatch::application_manager:195] App started. version="1.10.5"
[2022-09-03][11:48:28][DEBUG][discord_dispatch::application_manager:1030] Searching for applications. install_path=AbsolutePath { path_buf: "C:\\Users\\nelectrons\\AppData\\Local\\DiscordGames" }
[2022-09-03][11:48:28][WARN][discord_dispatch::application_manager:1034] Failed to read install path. path=AbsolutePath { path_buf: "C:\\Users\\nelectrons\\AppData\\Local\\DiscordGames" } error=Os { code: 3, kind: NotFound, message: "Le chemin d’accès spécifié est introuvable." }
[2022-09-03][18:12:08][DEBUG][discord_dispatch::application_manager:195] App started. version="1.10.5"
[2022-09-03][18:12:08][DEBUG][discord_dispatch::application_manager:1030] Searching for applications. install_path=AbsolutePath { path_buf: "C:\\Users\\nelectrons\\AppData\\Local\\DiscordGames" }
[2022-09-03][18:12:08][WARN][discord_dispatch::application_manager:1034] Failed to read install path. path=AbsolutePath { path_buf: "C:\\Users\\nelectrons\\AppData\\Local\\DiscordGames" } error=Os { code: 3, kind: NotFound, message: "Le chemin d’accès spécifié est introuvable." }
[2022-09-04][11:47:35][DEBUG][discord_dispatch::application_manager:195] App started. version="1.10.5"
[2022-09-04][11:47:35][DEBUG][discord_dispatch::application_manager:1030] Searching for applications. install_path=AbsolutePath { path_buf: "C:\\Users\\nelectrons\\AppData\\Local\\DiscordGames" }
[2022-09-04][11:47:35][WARN][discord_dispatch::application_manager:1034] Failed to read install path. path=AbsolutePath { path_buf: "C:\\Users\\nelectrons\\AppData\\Local\\DiscordGames" } error=Os { code: 3, kind: NotFound, message: "Le chemin d’accès spécifié est introuvable." }
[2022-09-05][11:41:11][DEBUG][discord_dispatch::application_manager:195] App started. version="1.10.5"
[2022-09-05][11:41:11][DEBUG][discord_dispatch::application_manager:1030] Searching for applications. install_path=AbsolutePath { path_buf: "C:\\Users\\nelectrons\\AppData\\Local\\DiscordGames" }
[2022-09-05][11:41:11][WARN][discord_dispatch::application_manager:1034] Failed to read install path. path=AbsolutePath { path_buf: "C:\\Users\\nelectrons\\AppData\\Local\\DiscordGames" } error=Os { code: 3, kind: NotFound, message: "Le chemin d’accès spécifié est introuvable." }
[2022-09-05][18:16:04][DEBUG][discord_dispatch::application_manager:712] Updating credentials.
[2022-09-06][08:56:39][DEBUG][discord_dispatch::application_manager:195] App started. version="1.10.5"
[2022-09-06][08:56:39][DEBUG][discord_dispatch::application_manager:1030] Searching for applications. install_path=AbsolutePath { path_buf: "C:\\Users\\nelectrons\\AppData\\Local\\DiscordGames" }
[2022-09-06][08:56:39][WARN][discord_dispatch::application_manager:1034] Failed to read install path. path=AbsolutePath { path_buf: "C:\\Users\\nelectrons\\AppData\\Local\\DiscordGames" } error=Os { code: 3, kind: NotFound, message: "Le chemin d’accès spécifié est introuvable." }
[2022-09-06][20:47:11][DEBUG][discord_dispatch::application_manager:195] App started. version="1.10.5"
[2022-09-06][20:47:11][DEBUG][discord_dispatch::application_manager:1030] Searching for applications. install_path=AbsolutePath { path_buf: "C:\\Users\\nelectrons\\AppData\\Local\\DiscordGames" }
[2022-09-06][20:47:11][WARN][discord_dispatch::application_manager:1034] Failed to read install path. path=AbsolutePath { path_buf: "C:\\Users\\nelectrons\\AppData\\Local\\DiscordGames" } error=Os { code: 3, kind: NotFound, message: "Le chemin d’accès spécifié est introuvable." }
[2022-09-07][12:52:35][DEBUG][discord_dispatch::application_manager:195] App started. version="1.10.5"
[2022-09-07][12:52:35][DEBUG][discord_dispatch::application_manager:1030] Searching for applications. install_path=AbsolutePath { path_buf: "C:\\Users\\nelectrons\\AppData\\Local\\DiscordGames" }
[2022-09-07][12:52:35][WARN][discord_dispatch::application_manager:1034] Failed to read install path. path=AbsolutePath { path_buf: "C:\\Users\\nelectrons\\AppData\\Local\\DiscordGames" } error=Os { code: 3, kind: NotFound, message: "Le chemin d’accès spécifié est introuvable." }
[2022-09-07][13:08:11][DEBUG][discord_dispatch::application_manager:195] App started. version="1.10.5"
[2022-09-07][13:08:11][DEBUG][discord_dispatch::application_manager:1030] Searching for applications. install_path=AbsolutePath { path_buf: "C:\\Users\\nelectrons\\AppData\\Local\\DiscordGames" }
[2022-09-07][13:08:11][WARN][discord_dispatch::application_manager:1034] Failed to read install path. path=AbsolutePath { path_buf: "C:\\Users\\nelectrons\\AppData\\Local\\DiscordGames" } error=Os { code: 3, kind: NotFound, message: "Le chemin d’accès spécifié est introuvable." }
[2022-09-07][20:46:54][DEBUG][discord_dispatch::application_manager:195] App started. version="1.10.5"
[2022-09-07][20:46:54][DEBUG][discord_dispatch::application_manager:1030] Searching for applications. install_path=AbsolutePath { path_buf: "C:\\Users\\nelectrons\\AppData\\Local\\DiscordGames" }
[2022-09-07][20:46:54][WARN][discord_dispatch::application_manager:1034] Failed to read install path. path=AbsolutePath { path_buf: "C:\\Users\\nelectrons\\AppData\\Local\\DiscordGames" } error=Os { code: 3, kind: NotFound, message: "Le chemin d’accès spécifié est introuvable." }
[2022-09-08][18:27:47][DEBUG][discord_dispatch::application_manager:195] App started. version="1.10.5"
[2022-09-08][18:27:47][DEBUG][discord_dispatch::application_manager:1030] Searching for applications. install_path=AbsolutePath { path_buf: "C:\\Users\\nelectrons\\AppData\\Local\\DiscordGames" }
[2022-09-08][18:27:47][WARN][discord_dispatch::application_manager:1034] Failed to read install path. path=AbsolutePath { path_buf: "C:\\Users\\nelectrons\\AppData\\Local\\DiscordGames" } error=Os { code: 3, kind: NotFound, message: "Le chemin d’accès spécifié est introuvable." }
[2022-09-08][18:44:07][DEBUG][discord_dispatch::application_manager:712] Updating credentials.
[2022-09-08][19:17:27][DEBUG][discord_dispatch::application_manager:712] Updating credentials.
[2022-09-09][17:57:34][DEBUG][discord_dispatch::application_manager:195] App started. version="1.10.5"
[2022-09-09][17:57:34][DEBUG][discord_dispatch::application_manager:1030] Searching for applications. install_path=AbsolutePath { path_buf: "C:\\Users\\nelectrons\\AppData\\Local\\DiscordGames" }
[2022-09-09][17:57:34][WARN][discord_dispatch::application_manager:1034] Failed to read install path. path=AbsolutePath { path_buf: "C:\\Users\\nelectrons\\AppData\\Local\\DiscordGames" } error=Os { code: 3, kind: NotFound, message: "Le chemin d’accès spécifié est introuvable." }
[2022-09-09][18:02:46][DEBUG][discord_dispatch::application_manager:195] App started. version="1.10.5"
[2022-09-09][18:02:46][DEBUG][discord_dispatch::application_manager:1030] Searching for applications. install_path=AbsolutePath { path_buf: "C:\\Users\\nelectrons\\AppData\\Local\\DiscordGames" }
[2022-09-09][18:02:46][WARN][discord_dispatch::application_manager:1034] Failed to read install path. path=AbsolutePath { path_buf: "C:\\Users\\nelectrons\\AppData\\Local\\DiscordGames" } error=Os { code: 3, kind: NotFound, message: "Le chemin d’accès spécifié est introuvable." }
[2022-09-10][10:49:53][DEBUG][discord_dispatch::application_manager:195] App started. version="1.10.5"
[2022-09-10][10:49:53][DEBUG][discord_dispatch::application_manager:1030] Searching for applications. install_path=AbsolutePath { path_buf: "C:\\Users\\nelectrons\\AppData\\Local\\DiscordGames" }
[2022-09-10][10:49:53][WARN][discord_dispatch::application_manager:1034] Failed to read install path. path=AbsolutePath { path_buf: "C:\\Users\\nelectrons\\AppData\\Local\\DiscordGames" } error=Os { code: 3, kind: NotFound, message: "Le chemin d’accès spécifié est introuvable." }
[2022-09-10][15:52:31][DEBUG][discord_dispatch::application_manager:195] App started. version="1.10.5"
[2022-09-10][15:52:31][DEBUG][discord_dispatch::application_manager:1030] Searching for applications. install_path=AbsolutePath { path_buf: "C:\\Users\\nelectrons\\AppData\\Local\\DiscordGames" }
[2022-09-10][15:52:31][WARN][discord_dispatch::application_manager:1034] Failed to read install path. path=AbsolutePath { path_buf: "C:\\Users\\nelectrons\\AppData\\Local\\DiscordGames" } error=Os { code: 3, kind: NotFound, message: "Le chemin d’accès spécifié est introuvable." }
[2022-09-11][09:50:43][DEBUG][discord_dispatch::application_manager:195] App started. version="1.10.5"
[2022-09-11][09:50:43][DEBUG][discord_dispatch::application_manager:1030] Searching for applications. install_path=AbsolutePath { path_buf: "C:\\Users\\nelectrons\\AppData\\Local\\DiscordGames" }
[2022-09-11][09:50:43][WARN][discord_dispatch::application_manager:1034] Failed to read install path. path=AbsolutePath { path_buf: "C:\\Users\\nelectrons\\AppData\\Local\\DiscordGames" } error=Os { code: 3, kind: NotFound, message: "Le chemin d’accès spécifié est introuvable." }
[2022-09-12][18:35:29][DEBUG][discord_dispatch::application_manager:195] App started. version="1.10.5"
[2022-09-12][18:35:29][DEBUG][discord_dispatch::application_manager:1030] Searching for applications. install_path=AbsolutePath { path_buf: "C:\\Users\\nelectrons\\AppData\\Local\\DiscordGames" }
[2022-09-12][18:35:29][WARN][discord_dispatch::application_manager:1034] Failed to read install path. path=AbsolutePath { path_buf: "C:\\Users\\nelectrons\\AppData\\Local\\DiscordGames" } error=Os { code: 3, kind: NotFound, message: "Le chemin d’accès spécifié est introuvable." }
[2022-09-12][21:50:52][DEBUG][discord_dispatch::application_manager:195] App started. version="1.10.5"
[2022-09-12][21:50:52][DEBUG][discord_dispatch::application_manager:1030] Searching for applications. install_path=AbsolutePath { path_buf: "C:\\Users\\nelectrons\\AppData\\Local\\DiscordGames" }
[2022-09-12][21:50:52][WARN][discord_dispatch::application_manager:1034] Failed to read install path. path=AbsolutePath { path_buf: "C:\\Users\\nelectrons\\AppData\\Local\\DiscordGames" } error=Os { code: 3, kind: NotFound, message: "Le chemin d’accès spécifié est introuvable." }
[2022-09-12][21:53:56][DEBUG][discord_dispatch::application_manager:195] App started. version="1.10.5"
[2022-09-12][21:53:56][DEBUG][discord_dispatch::application_manager:1030] Searching for applications. install_path=AbsolutePath { path_buf: "C:\\Users\\nelectrons\\AppData\\Local\\DiscordGames" }
[2022-09-12][21:53:56][WARN][discord_dispatch::application_manager:1034] Failed to read install path. path=AbsolutePath { path_buf: "C:\\Users\\nelectrons\\AppData\\Local\\DiscordGames" } error=Os { code: 3, kind: NotFound, message: "Le chemin d’accès spécifié est introuvable." }
[2022-09-13][19:03:45][DEBUG][discord_dispatch::application_manager:195] App started. version="1.10.5"
[2022-09-13][19:03:45][DEBUG][discord_dispatch::application_manager:1030] Searching for applications. install_path=AbsolutePath { path_buf: "C:\\Users\\nelectrons\\AppData\\Local\\DiscordGames" }
[2022-09-13][19:03:45][WARN][discord_dispatch::application_manager:1034] Failed to read install path. path=AbsolutePath { path_buf: "C:\\Users\\nelectrons\\AppData\\Local\\DiscordGames" } error=Os { code: 3, kind: NotFound, message: "Le chemin d’accès spécifié est introuvable." }
[2022-09-13][20:46:56][DEBUG][discord_dispatch::application_manager:195] App started. version="1.10.5"
[2022-09-13][20:46:56][DEBUG][discord_dispatch::application_manager:1030] Searching for applications. install_path=AbsolutePath { path_buf: "C:\\Users\\nelectrons\\AppData\\Local\\DiscordGames" }
[2022-09-13][20:46:56][WARN][discord_dispatch::application_manager:1034] Failed to read install path. path=AbsolutePath { path_buf: "C:\\Users\\nelectrons\\AppData\\Local\\DiscordGames" } error=Os { code: 3, kind: NotFound, message: "Le chemin d’accès spécifié est introuvable." }
[2022-09-14][13:39:47][DEBUG][discord_dispatch::application_manager:195] App started. version="1.10.5"
[2022-09-14][13:39:47][DEBUG][discord_dispatch::application_manager:1030] Searching for applications. install_path=AbsolutePath { path_buf: "C:\\Users\\nelectrons\\AppData\\Local\\DiscordGames" }
[2022-09-14][13:39:47][WARN][discord_dispatch::application_manager:1034] Failed to read install path. path=AbsolutePath { path_buf: "C:\\Users\\nelectrons\\AppData\\Local\\DiscordGames" } error=Os { code: 3, kind: NotFound, message: "Le chemin d’accès spécifié est introuvable." }
[2022-09-14][13:53:19][DEBUG][discord_dispatch::application_manager:195] App started. version="1.10.5"
[2022-09-14][13:53:19][DEBUG][discord_dispatch::application_manager:1030] Searching for applications. install_path=AbsolutePath { path_buf: "C:\\Users\\nelectrons\\AppData\\Local\\DiscordGames" }
[2022-09-14][13:53:19][WARN][discord_dispatch::application_manager:1034] Failed to read install path. path=AbsolutePath { path_buf: "C:\\Users\\nelectrons\\AppData\\Local\\DiscordGames" } error=Os { code: 3, kind: NotFound, message: "Le chemin d’accès spécifié est introuvable." }
[2022-09-14][13:53:35][DEBUG][discord_dispatch::application_manager:195] App started. version="1.10.5"
[2022-09-14][13:53:35][DEBUG][discord_dispatch::application_manager:1030] Searching for applications. install_path=AbsolutePath { path_buf: "C:\\Users\\nelectrons\\AppData\\Local\\DiscordGames" }
[2022-09-14][13:53:35][WARN][discord_dispatch::application_manager:1034] Failed to read install path. path=AbsolutePath { path_buf: "C:\\Users\\nelectrons\\AppData\\Local\\DiscordGames" } error=Os { code: 3, kind: NotFound, message: "Le chemin d’accès spécifié est introuvable." }
[2022-09-14][17:52:35][DEBUG][discord_dispatch::application_manager:195] App started. version="1.10.5"
[2022-09-14][17:52:35][DEBUG][discord_dispatch::application_manager:1030] Searching for applications. install_path=AbsolutePath { path_buf: "C:\\Users\\nelectrons\\AppData\\Local\\DiscordGames" }
[2022-09-14][17:52:35][WARN][discord_dispatch::application_manager:1034] Failed to read install path. path=AbsolutePath { path_buf: "C:\\Users\\nelectrons\\AppData\\Local\\DiscordGames" } error=Os { code: 3, kind: NotFound, message: "Le chemin d’accès spécifié est introuvable." }
[2022-09-15][18:35:48][DEBUG][discord_dispatch::application_manager:195] App started. version="1.10.5"
[2022-09-15][18:35:48][DEBUG][discord_dispatch::application_manager:1030] Searching for applications. install_path=AbsolutePath { path_buf: "C:\\Users\\nelectrons\\AppData\\Local\\DiscordGames" }
[2022-09-15][18:35:48][WARN][discord_dispatch::application_manager:1034] Failed to read install path. path=AbsolutePath { path_buf: "C:\\Users\\nelectrons\\AppData\\Local\\DiscordGames" } error=Os { code: 3, kind: NotFound, message: "Le chemin d’accès spécifié est introuvable." }
[2022-09-15][18:46:40][DEBUG][discord_dispatch::application_manager:195] App started. version="1.10.5"
[2022-09-15][18:46:40][DEBUG][discord_dispatch::application_manager:1030] Searching for applications. install_path=AbsolutePath { path_buf: "C:\\Users\\nelectrons\\AppData\\Local\\DiscordGames" }
[2022-09-15][18:46:40][WARN][discord_dispatch::application_manager:1034] Failed to read install path. path=AbsolutePath { path_buf: "C:\\Users\\nelectrons\\AppData\\Local\\DiscordGames" } error=Os { code: 3, kind: NotFound, message: "Le chemin d’accès spécifié est introuvable." }
[2022-09-16][16:26:33][DEBUG][discord_dispatch::application_manager:195] App started. version="1.10.5"
[2022-09-16][16:26:33][DEBUG][discord_dispatch::application_manager:1030] Searching for applications. install_path=AbsolutePath { path_buf: "C:\\Users\\nelectrons\\AppData\\Local\\DiscordGames" }
[2022-09-16][16:26:33][WARN][discord_dispatch::application_manager:1034] Failed to read install path. path=AbsolutePath { path_buf: "C:\\Users\\nelectrons\\AppData\\Local\\DiscordGames" } error=Os { code: 3, kind: NotFound, message: "Le chemin d’accès spécifié est introuvable." }
[2022-09-17][10:09:30][DEBUG][discord_dispatch::application_manager:195] App started. version="1.10.5"
[2022-09-17][10:09:30][DEBUG][discord_dispatch::application_manager:1030] Searching for applications. install_path=AbsolutePath { path_buf: "C:\\Users\\nelectrons\\AppData\\Local\\DiscordGames" }
[2022-09-17][10:09:30][WARN][discord_dispatch::application_manager:1034] Failed to read install path. path=AbsolutePath { path_buf: "C:\\Users\\nelectrons\\AppData\\Local\\DiscordGames" } error=Os { code: 3, kind: NotFound, message: "Le chemin d’accès spécifié est introuvable." }
[2022-09-17][11:01:35][DEBUG][discord_dispatch::application_manager:195] App started. version="1.10.5"
[2022-09-17][11:01:35][DEBUG][discord_dispatch::application_manager:1030] Searching for applications. install_path=AbsolutePath { path_buf: "C:\\Users\\nelectrons\\AppData\\Local\\DiscordGames" }
[2022-09-17][11:01:35][WARN][discord_dispatch::application_manager:1034] Failed to read install path. path=AbsolutePath { path_buf: "C:\\Users\\nelectrons\\AppData\\Local\\DiscordGames" } error=Os { code: 3, kind: NotFound, message: "Le chemin d’accès spécifié est introuvable." }
[2022-09-17][15:41:26][DEBUG][discord_dispatch::application_manager:712] Updating credentials.
[2022-09-17][21:18:39][DEBUG][discord_dispatch::application_manager:712] Updating credentials.
[2022-09-18][10:16:55][DEBUG][discord_dispatch::application_manager:195] App started. version="1.10.5"
[2022-09-18][10:16:55][DEBUG][discord_dispatch::application_manager:1030] Searching for applications. install_path=AbsolutePath { path_buf: "C:\\Users\\nelectrons\\AppData\\Local\\DiscordGames" }
[2022-09-18][10:16:55][WARN][discord_dispatch::application_manager:1034] Failed to read install path. path=AbsolutePath { path_buf: "C:\\Users\\nelectrons\\AppData\\Local\\DiscordGames" } error=Os { code: 3, kind: NotFound, message: "Le chemin d’accès spécifié est introuvable." }
[2022-09-18][17:48:58][DEBUG][discord_dispatch::application_manager:195] App started. version="1.10.5"
[2022-09-18][17:48:58][DEBUG][discord_dispatch::application_manager:1030] Searching for applications. install_path=AbsolutePath { path_buf: "C:\\Users\\nelectrons\\AppData\\Local\\DiscordGames" }
[2022-09-18][17:48:58][WARN][discord_dispatch::application_manager:1034] Failed to read install path. path=AbsolutePath { path_buf: "C:\\Users\\nelectrons\\AppData\\Local\\DiscordGames" } error=Os { code: 3, kind: NotFound, message: "Le chemin d’accès spécifié est introuvable." }
[2022-09-19][18:38:50][DEBUG][discord_dispatch::application_manager:195] App started. version="1.10.5"
[2022-09-19][18:38:50][DEBUG][discord_dispatch::application_manager:1030] Searching for applications. install_path=AbsolutePath { path_buf: "C:\\Users\\nelectrons\\AppData\\Local\\DiscordGames" }
[2022-09-19][18:38:50][WARN][discord_dispatch::application_manager:1034] Failed to read install path. path=AbsolutePath { path_buf: "C:\\Users\\nelectrons\\AppData\\Local\\DiscordGames" } error=Os { code: 3, kind: NotFound, message: "Le chemin d’accès spécifié est introuvable." }
[2022-09-19][20:07:43][DEBUG][discord_dispatch::application_manager:195] App started. version="1.10.5"
[2022-09-19][20:07:43][DEBUG][discord_dispatch::application_manager:1030] Searching for applications. install_path=AbsolutePath { path_buf: "C:\\Users\\nelectrons\\AppData\\Local\\DiscordGames" }
[2022-09-19][20:07:43][WARN][discord_dispatch::application_manager:1034] Failed to read install path. path=AbsolutePath { path_buf: "C:\\Users\\nelectrons\\AppData\\Local\\DiscordGames" } error=Os { code: 3, kind: NotFound, message: "Le chemin d’accès spécifié est introuvable." }
[2022-09-20][18:46:03][DEBUG][discord_dispatch::application_manager:195] App started. version="1.10.5"
[2022-09-20][18:46:03][DEBUG][discord_dispatch::application_manager:1030] Searching for applications. install_path=AbsolutePath { path_buf: "C:\\Users\\nelectrons\\AppData\\Local\\DiscordGames" }
[2022-09-20][18:46:03][WARN][discord_dispatch::application_manager:1034] Failed to read install path. path=AbsolutePath { path_buf: "C:\\Users\\nelectrons\\AppData\\Local\\DiscordGames" } error=Os { code: 3, kind: NotFound, message: "Le chemin d’accès spécifié est introuvable." }
[2022-09-21][13:32:42][DEBUG][discord_dispatch::application_manager:195] App started. version="1.10.5"
[2022-09-21][13:32:42][DEBUG][discord_dispatch::application_manager:1030] Searching for applications. install_path=AbsolutePath { path_buf: "C:\\Users\\nelectrons\\AppData\\Local\\DiscordGames" }
[2022-09-21][13:32:42][WARN][discord_dispatch::application_manager:1034] Failed to read install path. path=AbsolutePath { path_buf: "C:\\Users\\nelectrons\\AppData\\Local\\DiscordGames" } error=Os { code: 3, kind: NotFound, message: "Le chemin d’accès spécifié est introuvable." }
[2022-09-22][18:39:52][DEBUG][discord_dispatch::application_manager:195] App started. version="1.10.5"
[2022-09-22][18:39:52][DEBUG][discord_dispatch::application_manager:1030] Searching for applications. install_path=AbsolutePath { path_buf: "C:\\Users\\nelectrons\\AppData\\Local\\DiscordGames" }
[2022-09-22][18:39:52][WARN][discord_dispatch::application_manager:1034] Failed to read install path. path=AbsolutePath { path_buf: "C:\\Users\\nelectrons\\AppData\\Local\\DiscordGames" } error=Os { code: 3, kind: NotFound, message: "Le chemin d’accès spécifié est introuvable." }
[2022-09-22][20:40:52][DEBUG][discord_dispatch::application_manager:712] Updating credentials.
[2022-09-23][18:41:04][DEBUG][discord_dispatch::application_manager:195] App started. version="1.10.5"
[2022-09-23][18:41:04][DEBUG][discord_dispatch::application_manager:1030] Searching for applications. install_path=AbsolutePath { path_buf: "C:\\Users\\nelectrons\\AppData\\Local\\DiscordGames" }
[2022-09-23][18:41:04][WARN][discord_dispatch::application_manager:1034] Failed to read install path. path=AbsolutePath { path_buf: "C:\\Users\\nelectrons\\AppData\\Local\\DiscordGames" } error=Os { code: 3, kind: NotFound, message: "Le chemin d’accès spécifié est introuvable." }
[2022-09-23][20:43:40][DEBUG][discord_dispatch::application_manager:195] App started. version="1.10.5"
[2022-09-23][20:43:40][DEBUG][discord_dispatch::application_manager:1030] Searching for applications. install_path=AbsolutePath { path_buf: "C:\\Users\\nelectrons\\AppData\\Local\\DiscordGames" }
[2022-09-23][20:43:40][WARN][discord_dispatch::application_manager:1034] Failed to read install path. path=AbsolutePath { path_buf: "C:\\Users\\nelectrons\\AppData\\Local\\DiscordGames" } error=Os { code: 3, kind: NotFound, message: "Le chemin d’accès spécifié est introuvable." }
[2022-09-24][12:14:51][DEBUG][discord_dispatch::application_manager:195] App started. version="1.10.5"
[2022-09-24][12:14:51][DEBUG][discord_dispatch::application_manager:1030] Searching for applications. install_path=AbsolutePath { path_buf: "C:\\Users\\nelectrons\\AppData\\Local\\DiscordGames" }
[2022-09-24][12:14:51][WARN][discord_dispatch::application_manager:1034] Failed to read install path. path=AbsolutePath { path_buf: "C:\\Users\\nelectrons\\AppData\\Local\\DiscordGames" } error=Os { code: 3, kind: NotFound, message: "Le chemin d’accès spécifié est introuvable." }
[2022-09-25][09:26:42][DEBUG][discord_dispatch::application_manager:195] App started. version="1.10.5"
[2022-09-25][09:26:42][DEBUG][discord_dispatch::application_manager:1030] Searching for applications. install_path=AbsolutePath { path_buf: "C:\\Users\\nelectrons\\AppData\\Local\\DiscordGames" }
[2022-09-25][09:26:42][WARN][discord_dispatch::application_manager:1034] Failed to read install path. path=AbsolutePath { path_buf: "C:\\Users\\nelectrons\\AppData\\Local\\DiscordGames" } error=Os { code: 3, kind: NotFound, message: "Le chemin d’accès spécifié est introuvable." }
[2022-09-25][12:16:23][DEBUG][discord_dispatch::application_manager:195] App started. version="1.10.5"
[2022-09-25][12:16:23][DEBUG][discord_dispatch::application_manager:1030] Searching for applications. install_path=AbsolutePath { path_buf: "C:\\Users\\nelectrons\\AppData\\Local\\DiscordGames" }
[2022-09-25][12:16:23][WARN][discord_dispatch::application_manager:1034] Failed to read install path. path=AbsolutePath { path_buf: "C:\\Users\\nelectrons\\AppData\\Local\\DiscordGames" } error=Os { code: 3, kind: NotFound, message: "Le chemin d’accès spécifié est introuvable." }
[2022-09-25][12:50:13][DEBUG][discord_dispatch::application_manager:195] App started. version="1.10.5"
[2022-09-25][12:50:13][DEBUG][discord_dispatch::application_manager:1030] Searching for applications. install_path=AbsolutePath { path_buf: "C:\\Users\\nelectrons\\AppData\\Local\\DiscordGames" }
[2022-09-25][12:50:13][WARN][discord_dispatch::application_manager:1034] Failed to read install path. path=AbsolutePath { path_buf: "C:\\Users\\nelectrons\\AppData\\Local\\DiscordGames" } error=Os { code: 3, kind: NotFound, message: "Le chemin d’accès spécifié est introuvable." }
[2022-09-26][19:51:31][DEBUG][discord_dispatch::application_manager:195] App started. version="1.10.5"
[2022-09-26][19:51:31][DEBUG][discord_dispatch::application_manager:1030] Searching for applications. install_path=AbsolutePath { path_buf: "C:\\Users\\nelectrons\\AppData\\Local\\DiscordGames" }
[2022-09-26][19:51:31][WARN][discord_dispatch::application_manager:1034] Failed to read install path. path=AbsolutePath { path_buf: "C:\\Users\\nelectrons\\AppData\\Local\\DiscordGames" } error=Os { code: 3, kind: NotFound, message: "Le chemin d’accès spécifié est introuvable." }
[2022-09-27][18:42:04][DEBUG][discord_dispatch::application_manager:195] App started. version="1.10.5"
[2022-09-27][18:42:04][DEBUG][discord_dispatch::application_manager:1030] Searching for applications. install_path=AbsolutePath { path_buf: "C:\\Users\\nelectrons\\AppData\\Local\\DiscordGames" }
[2022-09-27][18:42:04][WARN][discord_dispatch::application_manager:1034] Failed to read install path. path=AbsolutePath { path_buf: "C:\\Users\\nelectrons\\AppData\\Local\\DiscordGames" } error=Os { code: 3, kind: NotFound, message: "Le chemin d’accès spécifié est introuvable." }
[2022-09-27][21:40:48][DEBUG][discord_dispatch::application_manager:195] App started. version="1.10.5"
[2022-09-27][21:40:48][DEBUG][discord_dispatch::application_manager:1030] Searching for applications. install_path=AbsolutePath { path_buf: "C:\\Users\\nelectrons\\AppData\\Local\\DiscordGames" }
[2022-09-27][21:40:48][WARN][discord_dispatch::application_manager:1034] Failed to read install path. path=AbsolutePath { path_buf: "C:\\Users\\nelectrons\\AppData\\Local\\DiscordGames" } error=Os { code: 3, kind: NotFound, message: "Le chemin d’accès spécifié est introuvable." }
[2022-09-28][15:03:52][DEBUG][discord_dispatch::application_manager:195] App started. version="1.10.5"
[2022-09-28][15:03:52][DEBUG][discord_dispatch::application_manager:1030] Searching for applications. install_path=AbsolutePath { path_buf: "C:\\Users\\nelectrons\\AppData\\Local\\DiscordGames" }
[2022-09-28][15:03:52][WARN][discord_dispatch::application_manager:1034] Failed to read install path. path=AbsolutePath { path_buf: "C:\\Users\\nelectrons\\AppData\\Local\\DiscordGames" } error=Os { code: 3, kind: NotFound, message: "Le chemin d’accès spécifié est introuvable." }
[2022-09-28][19:40:32][DEBUG][discord_dispatch::application_manager:195] App started. version="1.10.5"
[2022-09-28][19:40:32][DEBUG][discord_dispatch::application_manager:1030] Searching for applications. install_path=AbsolutePath { path_buf: "C:\\Users\\nelectrons\\AppData\\Local\\DiscordGames" }
[2022-09-28][19:40:32][WARN][discord_dispatch::application_manager:1034] Failed to read install path. path=AbsolutePath { path_buf: "C:\\Users\\nelectrons\\AppData\\Local\\DiscordGames" } error=Os { code: 3, kind: NotFound, message: "Le chemin d’accès spécifié est introuvable." }
[2022-09-29][19:53:55][DEBUG][discord_dispatch::application_manager:195] App started. version="1.10.5"
[2022-09-29][19:53:55][DEBUG][discord_dispatch::application_manager:1030] Searching for applications. install_path=AbsolutePath { path_buf: "C:\\Users\\nelectrons\\AppData\\Local\\DiscordGames" }
[2022-09-29][19:53:55][WARN][discord_dispatch::application_manager:1034] Failed to read install path. path=AbsolutePath { path_buf: "C:\\Users\\nelectrons\\AppData\\Local\\DiscordGames" } error=Os { code: 3, kind: NotFound, message: "Le chemin d’accès spécifié est introuvable." }
[2022-09-30][18:58:32][DEBUG][discord_dispatch::application_manager:195] App started. version="1.10.5"
[2022-09-30][18:58:32][DEBUG][discord_dispatch::application_manager:1030] Searching for applications. install_path=AbsolutePath { path_buf: "C:\\Users\\nelectrons\\AppData\\Local\\DiscordGames" }
[2022-09-30][18:58:32][WARN][discord_dispatch::application_manager:1034] Failed to read install path. path=AbsolutePath { path_buf: "C:\\Users\\nelectrons\\AppData\\Local\\DiscordGames" } error=Os { code: 3, kind: NotFound, message: "Le chemin d’accès spécifié est introuvable." }
[2022-10-01][09:54:20][DEBUG][discord_dispatch::application_manager:195] App started. version="1.10.5"
[2022-10-01][09:54:20][DEBUG][discord_dispatch::application_manager:1030] Searching for applications. install_path=AbsolutePath { path_buf: "C:\\Users\\nelectrons\\AppData\\Local\\DiscordGames" }
[2022-10-01][09:54:20][WARN][discord_dispatch::application_manager:1034] Failed to read install path. path=AbsolutePath { path_buf: "C:\\Users\\nelectrons\\AppData\\Local\\DiscordGames" } error=Os { code: 3, kind: NotFound, message: "Le chemin d’accès spécifié est introuvable." }
[2022-10-01][14:06:34][DEBUG][discord_dispatch::application_manager:712] Updating credentials.
[2022-10-02][10:26:45][DEBUG][discord_dispatch::application_manager:195] App started. version="1.10.5"
[2022-10-02][10:26:45][DEBUG][discord_dispatch::application_manager:1030] Searching for applications. install_path=AbsolutePath { path_buf: "C:\\Users\\nelectrons\\AppData\\Local\\DiscordGames" }
[2022-10-02][10:26:45][WARN][discord_dispatch::application_manager:1034] Failed to read install path. path=AbsolutePath { path_buf: "C:\\Users\\nelectrons\\AppData\\Local\\DiscordGames" } error=Os { code: 3, kind: NotFound, message: "Le chemin d’accès spécifié est introuvable." }
[2022-10-03][01:14:53][DEBUG][discord_dispatch::application_manager:195] App started. version="1.10.5"
[2022-10-03][01:14:53][DEBUG][discord_dispatch::application_manager:1030] Searching for applications. install_path=AbsolutePath { path_buf: "C:\\Users\\nelectrons\\AppData\\Local\\DiscordGames" }
[2022-10-03][01:14:53][WARN][discord_dispatch::application_manager:1034] Failed to read install path. path=AbsolutePath { path_buf: "C:\\Users\\nelectrons\\AppData\\Local\\DiscordGames" } error=Os { code: 3, kind: NotFound, message: "Le chemin d’accès spécifié est introuvable." }
[2022-10-03][18:51:28][DEBUG][discord_dispatch::application_manager:195] App started. version="1.10.5"
[2022-10-03][18:51:28][DEBUG][discord_dispatch::application_manager:1030] Searching for applications. install_path=AbsolutePath { path_buf: "C:\\Users\\nelectrons\\AppData\\Local\\DiscordGames" }
[2022-10-03][18:51:28][WARN][discord_dispatch::application_manager:1034] Failed to read install path. path=AbsolutePath { path_buf: "C:\\Users\\nelectrons\\AppData\\Local\\DiscordGames" } error=Os { code: 3, kind: NotFound, message: "Le chemin d’accès spécifié est introuvable." }
[2022-10-04][18:46:45][DEBUG][discord_dispatch::application_manager:195] App started. version="1.10.5"
[2022-10-04][18:46:45][DEBUG][discord_dispatch::application_manager:1030] Searching for applications. install_path=AbsolutePath { path_buf: "C:\\Users\\nelectrons\\AppData\\Local\\DiscordGames" }
[2022-10-04][18:46:45][WARN][discord_dispatch::application_manager:1034] Failed to read install path. path=AbsolutePath { path_buf: "C:\\Users\\nelectrons\\AppData\\Local\\DiscordGames" } error=Os { code: 3, kind: NotFound, message: "Le chemin d’accès spécifié est introuvable." }
[2022-10-05][14:11:00][DEBUG][discord_dispatch::application_manager:195] App started. version="1.10.5"
[2022-10-05][14:11:00][DEBUG][discord_dispatch::application_manager:1030] Searching for applications. install_path=AbsolutePath { path_buf: "C:\\Users\\nelectrons\\AppData\\Local\\DiscordGames" }
[2022-10-05][14:11:00][WARN][discord_dispatch::application_manager:1034] Failed to read install path. path=AbsolutePath { path_buf: "C:\\Users\\nelectrons\\AppData\\Local\\DiscordGames" } error=Os { code: 3, kind: NotFound, message: "Le chemin d’accès spécifié est introuvable." }
[2022-10-05][19:39:18][DEBUG][discord_dispatch::application_manager:195] App started. version="1.10.5"
[2022-10-05][19:39:18][DEBUG][discord_dispatch::application_manager:1030] Searching for applications. install_path=AbsolutePath { path_buf: "C:\\Users\\nelectrons\\AppData\\Local\\DiscordGames" }
[2022-10-05][19:39:18][WARN][discord_dispatch::application_manager:1034] Failed to read install path. path=AbsolutePath { path_buf: "C:\\Users\\nelectrons\\AppData\\Local\\DiscordGames" } error=Os { code: 3, kind: NotFound, message: "Le chemin d’accès spécifié est introuvable." }
[2022-10-05][21:02:43][DEBUG][discord_dispatch::application_manager:195] App started. version="1.10.5"
[2022-10-05][21:02:43][DEBUG][discord_dispatch::application_manager:1030] Searching for applications. install_path=AbsolutePath { path_buf: "C:\\Users\\nelectrons\\AppData\\Local\\DiscordGames" }
[2022-10-05][21:02:43][WARN][discord_dispatch::application_manager:1034] Failed to read install path. path=AbsolutePath { path_buf: "C:\\Users\\nelectrons\\AppData\\Local\\DiscordGames" } error=Os { code: 3, kind: NotFound, message: "Le chemin d’accès spécifié est introuvable." }
[2022-10-05][21:17:40][DEBUG][discord_dispatch::application_manager:195] App started. version="1.10.5"
[2022-10-05][21:17:40][DEBUG][discord_dispatch::application_manager:1030] Searching for applications. install_path=AbsolutePath { path_buf: "C:\\Users\\nelectrons\\AppData\\Local\\DiscordGames" }
[2022-10-05][21:17:40][WARN][discord_dispatch::application_manager:1034] Failed to read install path. path=AbsolutePath { path_buf: "C:\\Users\\nelectrons\\AppData\\Local\\DiscordGames" } error=Os { code: 3, kind: NotFound, message: "Le chemin d’accès spécifié est introuvable." }
[2022-10-05][22:44:50][DEBUG][discord_dispatch::application_manager:195] App started. version="1.10.5"
[2022-10-05][22:44:50][DEBUG][discord_dispatch::application_manager:1030] Searching for applications. install_path=AbsolutePath { path_buf: "C:\\Users\\nelectrons\\AppData\\Local\\DiscordGames" }
[2022-10-05][22:44:50][WARN][discord_dispatch::application_manager:1034] Failed to read install path. path=AbsolutePath { path_buf: "C:\\Users\\nelectrons\\AppData\\Local\\DiscordGames" } error=Os { code: 3, kind: NotFound, message: "Le chemin d’accès spécifié est introuvable." }
[2022-10-06][19:25:53][DEBUG][discord_dispatch::application_manager:195] App started. version="1.10.5"
[2022-10-06][19:25:53][DEBUG][discord_dispatch::application_manager:1030] Searching for applications. install_path=AbsolutePath { path_buf: "C:\\Users\\nelectrons\\AppData\\Local\\DiscordGames" }
[2022-10-06][19:25:53][WARN][discord_dispatch::application_manager:1034] Failed to read install path. path=AbsolutePath { path_buf: "C:\\Users\\nelectrons\\AppData\\Local\\DiscordGames" } error=Os { code: 3, kind: NotFound, message: "Le chemin d’accès spécifié est introuvable." }
[2022-10-07][18:31:56][DEBUG][discord_dispatch::application_manager:195] App started. version="1.10.5"
[2022-10-07][18:31:56][DEBUG][discord_dispatch::application_manager:1030] Searching for applications. install_path=AbsolutePath { path_buf: "C:\\Users\\nelectrons\\AppData\\Local\\DiscordGames" }
[2022-10-07][18:31:56][WARN][discord_dispatch::application_manager:1034] Failed to read install path. path=AbsolutePath { path_buf: "C:\\Users\\nelectrons\\AppData\\Local\\DiscordGames" } error=Os { code: 3, kind: NotFound, message: "Le chemin d’accès spécifié est introuvable." }
